<?xml version="1.0" encoding="UTF-8"?>
<!-- Generated by org.testng.reporters.JUnitReportReporter -->
<testsuite hostname="DESKTOP-0DUAAOF" name="testng.NewTest" tests="2" failures="0" timestamp="29 Dec 2018 03:30:25 GMT" time="0.009" errors="0">
  <testcase name="f" time="0.001" classname="testng.NewTest"/>
  <testcase name="f" time="0.008" classname="testng.NewTest"/>
</testsuite> <!-- testng.NewTest -->
